INFO:  latexindent version 3.20.3, 2023-02-19, a script to indent .tex files
       latexindent lives here: /usr/share/texlive/texmf-dist/scripts/latexindent/
       Thu Apr 23 22:38:35 2026
       Filename: /home/halexandru11/skull/m2/eaa/water-distribution-networks/SOTA/sota.tex
INFO:  Processing switches:
       -s|--silent: Silent mode active (you have used either -s or --silent)
       -w|--overwrite: Overwrite mode active, will make a back up before overwriting
INFO:  Directory for backup files and indent.log:
       /home/halexandru11/skull/m2/eaa/water-distribution-networks/SOTA
INFO:  YAML settings read: defaultSettings.yaml
       Reading defaultSettings.yaml from /usr/share/texlive/texmf-dist/scripts/latexindent/defaultSettings.yaml
INFO:  YAML reading settings
       Home directory is /home/halexandru11
       latexindent.pl didn't find indentconfig.yaml or .indentconfig.yaml
       see all possible locations: https://latexindentpl.readthedocs.io/en/latest/sec-appendices.html#indentconfig-options)
INFO:  Backup procedure (-w flag active):
       /home/halexandru11/skull/m2/eaa/water-distribution-networks/SOTA/sota.bak0 already exists, incrementing by 1... (see maxNumberOfBackUps and onlyOneBackUp)
       /home/halexandru11/skull/m2/eaa/water-distribution-networks/SOTA/sota.bak1 already exists, incrementing by 1... (see maxNumberOfBackUps and onlyOneBackUp)
       /home/halexandru11/skull/m2/eaa/water-distribution-networks/SOTA/sota.bak2 already exists, incrementing by 1... (see maxNumberOfBackUps and onlyOneBackUp)
       /home/halexandru11/skull/m2/eaa/water-distribution-networks/SOTA/sota.bak3 already exists, incrementing by 1... (see maxNumberOfBackUps and onlyOneBackUp)
       /home/halexandru11/skull/m2/eaa/water-distribution-networks/SOTA/sota.bak4 already exists, incrementing by 1... (see maxNumberOfBackUps and onlyOneBackUp)
       /home/halexandru11/skull/m2/eaa/water-distribution-networks/SOTA/sota.bak5 already exists, incrementing by 1... (see maxNumberOfBackUps and onlyOneBackUp)
       /home/halexandru11/skull/m2/eaa/water-distribution-networks/SOTA/sota.bak6 already exists, incrementing by 1... (see maxNumberOfBackUps and onlyOneBackUp)
       /home/halexandru11/skull/m2/eaa/water-distribution-networks/SOTA/sota.bak7 already exists, incrementing by 1... (see maxNumberOfBackUps and onlyOneBackUp)
       /home/halexandru11/skull/m2/eaa/water-distribution-networks/SOTA/sota.bak8 already exists, incrementing by 1... (see maxNumberOfBackUps and onlyOneBackUp)
       /home/halexandru11/skull/m2/eaa/water-distribution-networks/SOTA/sota.bak9 already exists, incrementing by 1... (see maxNumberOfBackUps and onlyOneBackUp)
       /home/halexandru11/skull/m2/eaa/water-distribution-networks/SOTA/sota.bak10 already exists, incrementing by 1... (see maxNumberOfBackUps and onlyOneBackUp)
       /home/halexandru11/skull/m2/eaa/water-distribution-networks/SOTA/sota.bak11 already exists, incrementing by 1... (see maxNumberOfBackUps and onlyOneBackUp)
       copying /home/halexandru11/skull/m2/eaa/water-distribution-networks/SOTA/sota.tex to /home/halexandru11/skull/m2/eaa/water-distribution-networks/SOTA/sota.bak12
       Backup file: /home/halexandru11/skull/m2/eaa/water-distribution-networks/SOTA/sota.bak12
       /home/halexandru11/skull/m2/eaa/water-distribution-networks/SOTA/sota.tex will be overwritten after indentation
INFO:  Phase 1: searching for objects
INFO:  Phase 2: finding surrounding indentation
INFO:  Phase 3: indenting objects
INFO:  Phase 4: final indentation check
INFO:  Output routine:
       Overwriting file /home/halexandru11/skull/m2/eaa/water-distribution-networks/SOTA/sota.tex
       --------------
INFO:  Please direct all communication/issues to:
        https://github.com/cmhughes/latexindent.pl
